MPASM 5.86                     FUNCTIONS.ASM   7-11-2022  16:34:00         PAGE  1


LOC  OBJECT CODE     LINE SOURCE TEXT
  VALUE

                      00001                 #include "p16f887.inc"
                      00001         LIST
                      00002 
                      00003 ;==========================================================================
                      00004 ; Build date : Oct 24 2019
                      00005 ;  MPASM PIC16F887 processor include
                      00006 ; 
                      00007 ;  (c) Copyright 1999-2019 Microchip Technology, All rights reserved
                      00008 ;==========================================================================
                      00009 
                      00810         LIST
                      00002                 #include "macro.inc"
                      00001 ; definizione di macro utili per ottenere un codice piu' compatto
                      00002 ;
                      00003 ; se si include questo file in MPLAB X, selezionare "exclude from build"
                      00004 ;  dalle proprieta' del file (tasto destro sul file nella finestra
                      00005 ;  del progetto)
                      00006 
                      00007 
                      00008 ; macro per settare il valore di un registro (movlw + banksel + movwf)
                      00009 setRegK                 macro Reg, Const
                      00010                 movlw Const
                      00011                 banksel Reg
                      00012                 movwf Reg
                      00013                                 endm
                      00014 
                      00015 
                      00016 ; macro per azzerare un registro (banksel + clrf)
                      00017 setReg0 macro Reg
                      00018                     banksel Reg
                      00019                     clrf Reg
                      00020             endm
                      00021 
                      00003                 #include "costants.inc"                 ;definizione di costanti
                      00001 ;definizioni costanti
                      00002 
                      00003 ;-------------------------------------------------------------------------------------------
                      00004 
                      00005 ;Timer0 viene utilizzato per il debouncing. L'oscillatore interno ha una frequenza di 8MHz e la frequenz
                            a scelta come sorgente per il timer è Fosc/4.
                      00006 ;Avendo scelto un PS di 256, il periodo Ttick è pari a 256/(8MHz/4) = 128us.
                      00007 ;Siccome il tempo di debouncing è di 10ms e x:10ms = 1:128us, allora x = 10ms/256us = 78 tick. 
                      00008 ;Pertanto la costante da caricare sul timer0 sarà (.256-.39)
                      00009 
  000000B2            00010 tmr_10ms    equ    (.256-.78)
                      00011 
                      00012 ;Timer1 è utilizzato per il cronometro, che ha una risoluzione di 1 secondo.
                      00013 ;Avendo scelto come sorgente per il timer1 quella dell'oscillatore esterno, che ha una frequenza di 3676
                            8KHz, e avendo impostato il PS a 1, 
                      00014 ;il Ttick è pari a 1/36768KHz
                      00015 ;Il tempo massimo che può raggiungere il timer1 con queste impostazioni è pari a Tmax = Ttick*65536 = 2s
                            .
                      00016 ;Pertanto il numero di incrementi che corrisponde ad 1s è pari alla metà degli incrementi massimi, ovver
MPASM 5.86                     FUNCTIONS.ASM   7-11-2022  16:34:00         PAGE  2


LOC  OBJECT CODE     LINE SOURCE TEXT
  VALUE

                            o 65536/2.
                      00017 
  00008000            00018 tmr_1s      equ    (.65536-.32768)
                      00019 
                      00020 ;la variabile flags è un vettore che contiene 2 bit di flag:
  00000000            00021 CAN_SLEEP   equ .0
  00000001            00022 TX_ON       equ .1
                      00023 
                      00024 ;nomi led
  00000000            00025 LED_D1      equ .0
  00000001            00026 LED_D2      equ .1
  00000002            00027 LED_D3      equ .2
  00000003            00028 LED_D4      equ .3
                      00004                 
                      00005                 ;label importate
  0000                00006                 extern  curr_sec, curr_min, printBuff, byte_count, flags
                      00007                 
                      00008                 ;funzioni esportate
  0000                00009                 global  start_timer, toggle_led, reload_tmr1, increment_cronometer, format_data, prepare
                            _transmission
                      00010                 
                      00011                 ;variabili nella memoria di banco
                      00012                     udata_shr
0000                  00013 tmp         res    .1
0001                  00014 tmp2         res    .1
                      00015                 
                      00016 ;-----------------------------------------------------------------------------------------------
                      00017 ;utility functions utilizzate a supporto del programma principale
                      00018                 code
0000                  00019 start_timer
0000   1283 1303      00020                 banksel TMR0
0002   0081           00021                 movwf TMR0
                      00022                 
0003   110B           00023                 bcf INTCON, T0IF
0004   168B           00024                 bsf INTCON, T0IE
                      00025                 
0005   0008           00026                 return
0006                  00027 toggle_led
                      00028                 
0006   1283 1303      00029                 banksel PORTD
0008   0688           00030                 xorwf   PORTD, f
                      00031                 
0009   0008           00032                 return
                      00033                 
000A                  00034 reload_tmr1
                      00035     
                      00036                 ;Carico la costante sul registro a 16 bit
000A   1283 1303      00037                 banksel TMR1L
000C   3000           00038                 movlw   low  tmr_1s
000D   008E           00039                 movwf   TMR1L
000E   3080           00040                 movlw   high tmr_1s
000F   008F           00041                 movwf   TMR1H
                      00042 
MPASM 5.86                     FUNCTIONS.ASM   7-11-2022  16:34:00         PAGE  3


LOC  OBJECT CODE     LINE SOURCE TEXT
  VALUE

                      00043                 ;Azzero il bit di flag
0010   1283 1303      00044                 banksel     PIR1
0012   100C           00045                 bcf         PIR1, TMR1IF
                      00046 
                      00047                 ;Faccio partire il timer
0013   1283 1303      00048                 banksel T1CON
0015   1410           00049                 bsf     T1CON, TMR1ON
                      00050 
0016   0008           00051                 return
                      00052 
0017                  00053 increment_cronometer
                      00054                 ;incremento i secondi
0017   ???? ????      00055                 banksel curr_sec
Message[305]: Using default destination of 1 (file).
0019   0A??           00056                 incf    curr_sec
                      00057 
                      00058                 ;se i secondi sono arrivati a 60, allora incrementa i minuti, altrimenti return
001A   303C           00059                 movlw   .60
001B   02??           00060                 subwf   curr_sec, w
                      00061 
                      00062                 ;se il bit Z di status è a 1 significa che i secondi sono arrivati a 60
001C   1D03           00063                 btfss   STATUS, Z
001D   2???           00064                 goto    end_increment
                      00065 
                      00066                 ;azzero i secondi
001E   01??           00067                 clrf    curr_sec
                      00068 
                      00069                 ;incremento i minuti
001F   ???? ????      00070                 banksel curr_min
Message[305]: Using default destination of 1 (file).
0021   0A??           00071                 incf    curr_min
                      00072 
                      00073                 ;se i minuti sono arrivati a 60, allora azzerali e return
0022   303C           00074                 movlw   .60
0023   02??           00075                 subwf   curr_min, w
                      00076 
                      00077                 ;se il bit Z di status è a 1 significa che i secondi sono arrivati a 60
0024   1D03           00078                 btfss   STATUS, Z
0025   2???           00079                 goto    end_increment
                      00080 
                      00081                 ;azzero i secondi
0026   01??           00082                 clrf    curr_min
                      00083                 
0027                  00084 end_increment
0027   0008           00085                 return
                      00086 
0028                  00087 format_data
                      00088         
                      00089                 ;questa funzione copia il contenuto di curr_sec, curr_min in printBuff.
                      00090 
                      00091                 ;in totale printBuff è composto da 6 byte
                      00092                 ;il primo e il secondo sono per le unità e le decine dei secondi
                      00093                 ;il terzo è per il carattere ":", il quarto e il quinto sono per le decine e le unità de
MPASM 5.86                     FUNCTIONS.ASM   7-11-2022  16:34:00         PAGE  4


LOC  OBJECT CODE     LINE SOURCE TEXT
  VALUE

                            i minuti e l'ultimo è per il carattere invio
                      00094                 
                      00095 ;formatto i minuti
                      00096                 
                      00097                 ;copio su W la variabile che contiene i minuti totalizzati dal cronometro
0028   ???? ????      00098                 banksel     curr_min
002A   08??           00099                 movf        curr_min, w
                      00100                 
                      00101                 ;chiamo una funzione che salva su W e tmp rispettivamente le decine e le unità del valor
                            e salvato su W
002B   ???? ????      00102                 pagesel     split_number
002D   2???           00103                 call        split_number
                      00104                 
                      00105                 ;su W sono salvate le decine dei minuti
002E   ???? ????      00106                 banksel printBuff
                      00107                 ;copio le decine di minuti sul primo registro di printBuff
0030   00??           00108                 movwf   (printBuff+0)
                      00109                 
                      00110                 ;su tmp sono salvate le unità dei minuti
0031   08??           00111                 movf    tmp, w
                      00112                 ;copio le unità di minuti sul secondo registro di printBuff
0032   00??           00113                 movwf   (printBuff+1)
                      00114                 
                      00115 ;inserisco i due punti
                      00116                 
0033   303A           00117                 movlw   .58     ;corrisponde al carattere ":" nella codifica ASCII
0034   00??           00118                 movwf   (printBuff+2)
                      00119                 
                      00120 ;formatto i secondi
                      00121                 
                      00122                 ;copio su W la variabile che contiene i secondi totalizzati dal cronometro
0035   ???? ????      00123                 banksel     curr_sec
0037   08??           00124                 movf        curr_sec, w
                      00125                 
                      00126                 ;chiamo una funzione che salva su W e tmp rispettivamente le decine e le unità del valor
                            e salvato su W
0038   ???? ????      00127                 pagesel     split_number
003A   2???           00128                 call        split_number
                      00129                 
                      00130                 ;su W sono salvate le decine dei secondi
003B   ???? ????      00131                 banksel printBuff
                      00132                 ;copio le decine di secondi sul terzo registro di printBuff
003D   00??           00133                 movwf   (printBuff+3)
                      00134                 
                      00135                 ;su tmp sono salvate le unità dei secondi
003E   08??           00136                 movf    tmp, w
                      00137                 ;copio le unità di secondi sul quarto registro di printBuff
003F   00??           00138                 movwf   (printBuff+4)
                      00139                 
                      00140 ;inserisco carattere invio
                      00141 
0040   300A           00142                 movlw .10         ; carattere invio
0041   00??           00143                 movwf (printBuff+5)
MPASM 5.86                     FUNCTIONS.ASM   7-11-2022  16:34:00         PAGE  5


LOC  OBJECT CODE     LINE SOURCE TEXT
  VALUE

                      00144 
0042   0008           00145                 return
                      00146         
0043                  00147 prepare_transmission
                      00148         
                      00149                 ;printBuff: contiene i byte da trasmettere
                      00150                 ;W: numero di byte da trasmettere
                      00151 
                      00152                 ;questa funzione inizializza la trasmissione
                      00153 
                      00154                 ;salvo w nella variabile byte_count che conta quanti byte sono rimasti da trasmettere
0043   ???? ????      00155                 banksel byte_count
0045   00??           00156                 movwf   byte_count
                      00157 
0046   ???? ????      00158                 banksel printBuff
                      00159                 ;copio l'indirizzo di printBuff nel registro FSR per l'indirizzamento indiretto
0048   30??           00160                 movlw   printBuff
0049   0084           00161                 movwf   FSR
                      00162 
                      00163                 ;setto il flag di trasmissione in corso, in modo da evitare che il micro vada in sleep
004A   1480           00164                 bsf flags, TX_ON
                      00165 
                      00166                 ;abilito l'interrupt TXIE. L'IF viene settato quando la trasmissione seriale è abilitata
                             e il buffer non contiene nessun byte pendente.
                      00167                 ;Siccome la trasmissione seriale è stata abilitata nella configurazione hwd, il flag a q
                            uesto punto è già settato
                      00168                 ;Una volta che abilito l'IE, verrà richiamata la interrupt service routine.
004B   1683 1303      00169                 banksel PIE1
Message[302]: Register in operand not in bank 0.  Ensure that bank bits are correct.
004D   160C           00170                 bsf PIE1, TXIE
                      00171 
004E   0008           00172                 return
                      00173                 
004F                  00174 split_number
                      00175                 ;W: numero decimale da suddividere in decine e unità.
                      00176                 ;le decine dovranno essere salvate su W, mentre le unità sul registro tmp
                      00177                 ;bisogna anche convertire le due cifre in codice ASCII
                      00178                 
                      00179                 ;Esempio: numero 25 deve essere suddiviso in 2 e 5 e poi il 2 -> 2+48 = 50, che in ASCII
                             corrisponde al carattere '2' e
                      00180                 ;5 -> 5+48 = 53, che in ASCII corrisponde al carattere '5'
                      00181                 
                      00182                 ;per fare ciò occorre realizzare una divisione attraverso la tecnica delle sottrazioni r
                            ipetute.
                      00183                 
                      00184                 ;utilizzo tmp2 come contatore. Alla fine del loop conterrà il quoziente della divisione 
                            tra il numero da convertire e 10, ovvero le decine del numero stesso,
                      00185                 ;mentre tmp conterrà il resto della divisione, che corrisponde alle unità del numero ste
                            sso.
                      00186                 
                      00187                 ;Esempio: 25/10 = 2 con resto di 5, dove 2 sono le decine e 5 sono le unità
                      00188                 
004F   01??           00189                 clrf    tmp2
MPASM 5.86                     FUNCTIONS.ASM   7-11-2022  16:34:00         PAGE  6


LOC  OBJECT CODE     LINE SOURCE TEXT
  VALUE

                      00190 
0050                  00191 loop_div_10
                      00192                 
                      00193                 ;salvo il contenuto di W su tmp
0050   00??           00194                 movwf   tmp     ;la prima volta che si entra nel loop su W c'è il numero da formattare, 
                            mentre le volte successive ci sarà il risultato della sottrazione del loop precedente
                      00195                 
                      00196                 ;sottraggo dal numero da formattare 10(number - 10)
0051   300A           00197                 movlw   .10
0052   02??           00198                 subwf   tmp, w      ;lo salvo in w, in modo da non modificare il contenuto di tmp, nel c
                            aso in cui il risultato dell'operazione sia negativo
                      00199                 
                      00200                 ;controllo che il risultato sia maggiore di 0, andando a controllare il bit di carry(pre
                            stito). 
                      00201                 ;Se C=0, allora il risultato è minore di zero, pertanto bisogna smettere di sottrarre.
0053   1C03           00202                 btfss   STATUS, C
0054   2???           00203                 goto end_div
                      00204                 
                      00205                 ;incremento il contatore
Message[305]: Using default destination of 1 (file).
0055   0A??           00206                 incf    tmp2
                      00207                 
0056   2???           00208                 goto    loop_div_10
0057                  00209 end_div         
                      00210                 ;A questo punto si ha:
                      00211                 ;tmp    -> unità
                      00212                 ;tmp2   -> decine
                      00213                 
                      00214                 ;converto i numeri da decimale a formato ASCII. Basterà sommare al valore contenuto in t
                            mp e tmp2 il numero 48
                      00215                 ;0  -> .48
                      00216                 ;1  -> .49
                      00217                 ;2  -> .50
                      00218                 ;3  -> .51
                      00219                 ;4  -> .52
                      00220                 ;5  -> .53
                      00221                 ;6  -> .54
                      00222                 ;7  -> .55
                      00223                 ;8  -> .56
                      00224                 ;9  -> .57
0057   3030           00225                 movlw   .48
                      00226                 
                      00227                 ;salvo il risultato della conversione delle unità in tmp
0058   07??           00228                 addwf   tmp, f
                      00229                 ;salvo il risultato della conversione delle decine in W
0059   07??           00230                 addwf   tmp2, w
                      00231                 
005A   0008           00232                 return
                      00233         end
MPASM 5.86                     FUNCTIONS.ASM   7-11-2022  16:34:00         PAGE  7


SYMBOL TABLE
  LABEL                             VALUE 

ABDEN                             00000000
ABDOVF                            00000007
ACKDT                             00000005
ACKEN                             00000004
ACKSTAT                           00000006
ADCON0                            0000001F
ADCON1                            0000009F
ADCS0                             00000006
ADCS1                             00000007
ADDEN                             00000003
ADFM                              00000007
ADIE                              00000006
ADIF                              00000006
ADON                              00000000
ADRESH                            0000001E
ADRESL                            0000009E
ANS0                              00000000
ANS1                              00000001
ANS10                             00000002
ANS11                             00000003
ANS12                             00000004
ANS13                             00000005
ANS2                              00000002
ANS3                              00000003
ANS4                              00000004
ANS5                              00000005
ANS6                              00000006
ANS7                              00000007
ANS8                              00000000
ANS9                              00000001
ANSEL                             00000188
ANSELH                            00000189
BAUDCTL                           00000187
BCLIE                             00000003
BCLIF                             00000003
BF                                00000000
BRG0                              00000000
BRG1                              00000001
BRG10                             00000002
BRG11                             00000003
BRG12                             00000004
BRG13                             00000005
BRG14                             00000006
BRG15                             00000007
BRG16                             00000003
BRG2                              00000002
BRG3                              00000003
BRG4                              00000004
BRG5                              00000005
BRG6                              00000006
BRG7                              00000007
BRG8                              00000000
BRG9                              00000001
MPASM 5.86                     FUNCTIONS.ASM   7-11-2022  16:34:00         PAGE  8


SYMBOL TABLE
  LABEL                             VALUE 

BRGH                              00000002
C                                 00000000
C1CH0                             00000000
C1CH1                             00000001
C1IE                              00000005
C1IF                              00000005
C1OE                              00000005
C1ON                              00000007
C1OUT                             00000006
C1POL                             00000004
C1R                               00000002
C1RSEL                            00000005
C1SEN                             00000005
C2CH0                             00000000
C2CH1                             00000001
C2IE                              00000006
C2IF                              00000006
C2OE                              00000005
C2ON                              00000007
C2OUT                             00000006
C2POL                             00000004
C2R                               00000002
C2REN                             00000004
C2RSEL                            00000004
C2SYNC                            00000000
CAN_SLEEP                         00000000
CCP1CON                           00000017
CCP1IE                            00000002
CCP1IF                            00000002
CCP1M0                            00000000
CCP1M1                            00000001
CCP1M2                            00000002
CCP1M3                            00000003
CCP1X                             00000005
CCP1Y                             00000004
CCP2CON                           0000001D
CCP2IE                            00000000
CCP2IF                            00000000
CCP2M0                            00000000
CCP2M1                            00000001
CCP2M2                            00000002
CCP2M3                            00000003
CCP2X                             00000005
CCP2Y                             00000004
CCPR1                             00000015
CCPR1H                            00000016
CCPR1L                            00000015
CCPR2                             0000001B
CCPR2H                            0000001C
CCPR2L                            0000001B
CHS0                              00000002
CHS1                              00000003
CHS2                              00000004
MPASM 5.86                     FUNCTIONS.ASM   7-11-2022  16:34:00         PAGE  9


SYMBOL TABLE
  LABEL                             VALUE 

CHS3                              00000005
CKE                               00000006
CKP                               00000004
CM1CON0                           00000107
CM2CON0                           00000108
CM2CON1                           00000109
CREN                              00000004
CSRC                              00000007
D                                 00000005
DATA_ADDRESS                      00000005
DC                                00000001
DC1B0                             00000004
DC1B1                             00000005
DC2B0                             00000004
DC2B1                             00000005
D_A                               00000005
D_NOT_A                           00000005
ECCPAS                            0000009C
ECCPAS0                           00000004
ECCPAS1                           00000005
ECCPAS2                           00000006
ECCPASE                           00000007
EEADR                             0000010D
EEADRH                            0000010F
EECON1                            0000018C
EECON2                            0000018D
EEDAT                             0000010C
EEDATA                            0000010C
EEDATH                            0000010E
EEIE                              00000004
EEIF                              00000004
EEPGD                             00000007
F                                 00000001
FERR                              00000002
FSR                               00000004
FVREN                             00000000
GCEN                              00000007
GIE                               00000007
GO                                00000001
GO_DONE                           00000001
GO_NOT_DONE                       00000001
HTS                               00000002
I2C_DATA                          00000005
I2C_READ                          00000002
I2C_START                         00000003
I2C_STOP                          00000004
INDF                              00000000
INTCON                            0000000B
INTE                              00000004
INTEDG                            00000006
INTF                              00000001
IOCB                              00000096
IOCB0                             00000000
MPASM 5.86                     FUNCTIONS.ASM   7-11-2022  16:34:00         PAGE 10


SYMBOL TABLE
  LABEL                             VALUE 

IOCB1                             00000001
IOCB2                             00000002
IOCB3                             00000003
IOCB4                             00000004
IOCB5                             00000005
IOCB6                             00000006
IOCB7                             00000007
IRCF0                             00000004
IRCF1                             00000005
IRCF2                             00000006
IRP                               00000007
LED_D1                            00000000
LED_D2                            00000001
LED_D3                            00000002
LED_D4                            00000003
LTS                               00000001
MC1OUT                            00000007
MC2OUT                            00000006
MSK                               00000093
MSK0                              00000000
MSK1                              00000001
MSK2                              00000002
MSK3                              00000003
MSK4                              00000004
MSK5                              00000005
MSK6                              00000006
MSK7                              00000007
NOT_A                             00000005
NOT_ADDRESS                       00000005
NOT_BO                            00000000
NOT_BOR                           00000000
NOT_DONE                          00000001
NOT_PD                            00000003
NOT_POR                           00000001
NOT_RBPU                          00000007
NOT_RC8                           00000006
NOT_T1SYNC                        00000002
NOT_TO                            00000004
NOT_TX8                           00000006
NOT_W                             00000002
NOT_WRITE                         00000002
OERR                              00000001
OPTION_REG                        00000081
OSCCON                            0000008F
OSCTUNE                           00000090
OSFIE                             00000007
OSFIF                             00000007
OSTS                              00000003
P                                 00000004
P1M0                              00000006
P1M1                              00000007
PCL                               00000002
PCLATH                            0000000A
MPASM 5.86                     FUNCTIONS.ASM   7-11-2022  16:34:00         PAGE 11


SYMBOL TABLE
  LABEL                             VALUE 

PCON                              0000008E
PDC0                              00000000
PDC1                              00000001
PDC2                              00000002
PDC3                              00000003
PDC4                              00000004
PDC5                              00000005
PDC6                              00000006
PEIE                              00000006
PEN                               00000002
PIE1                              0000008C
PIE2                              0000008D
PIR1                              0000000C
PIR2                              0000000D
PORTA                             00000005
PORTB                             00000006
PORTC                             00000007
PORTD                             00000008
PORTE                             00000009
PR2                               00000092
PRSEN                             00000007
PS0                               00000000
PS1                               00000001
PS2                               00000002
PSA                               00000003
PSSAC0                            00000002
PSSAC1                            00000003
PSSBD0                            00000000
PSSBD1                            00000001
PSTRCON                           0000009D
PULSR                             00000002
PULSS                             00000003
PWM1CON                           0000009B
R                                 00000002
RA0                               00000000
RA1                               00000001
RA2                               00000002
RA3                               00000003
RA4                               00000004
RA5                               00000005
RA6                               00000006
RA7                               00000007
RB0                               00000000
RB1                               00000001
RB2                               00000002
RB3                               00000003
RB4                               00000004
RB5                               00000005
RB6                               00000006
RB7                               00000007
RBIE                              00000003
RBIF                              00000000
RC0                               00000000
MPASM 5.86                     FUNCTIONS.ASM   7-11-2022  16:34:00         PAGE 12


SYMBOL TABLE
  LABEL                             VALUE 

RC1                               00000001
RC2                               00000002
RC3                               00000003
RC4                               00000004
RC5                               00000005
RC6                               00000006
RC7                               00000007
RC8_9                             00000006
RC9                               00000006
RCD8                              00000000
RCEN                              00000003
RCIDL                             00000006
RCIE                              00000005
RCIF                              00000005
RCREG                             0000001A
RCSTA                             00000018
RD                                00000000
RD0                               00000000
RD1                               00000001
RD2                               00000002
RD3                               00000003
RD4                               00000004
RD5                               00000005
RD6                               00000006
RD7                               00000007
RE0                               00000000
RE1                               00000001
RE2                               00000002
RE3                               00000003
READ_WRITE                        00000002
RP0                               00000005
RP1                               00000006
RSEN                              00000001
RX9                               00000006
RX9D                              00000000
R_NOT_W                           00000002
R_W                               00000002
S                                 00000003
SBOREN                            00000004
SCKP                              00000004
SCS                               00000000
SEN                               00000000
SENDB                             00000003
SMP                               00000007
SPBRG                             00000099
SPBRGH                            0000009A
SPEN                              00000007
SR0                               00000006
SR1                               00000007
SRCON                             00000185
SREN                              00000005
SSPADD                            00000093
SSPBUF                            00000013
MPASM 5.86                     FUNCTIONS.ASM   7-11-2022  16:34:00         PAGE 13


SYMBOL TABLE
  LABEL                             VALUE 

SSPCON                            00000014
SSPCON2                           00000091
SSPEN                             00000005
SSPIE                             00000003
SSPIF                             00000003
SSPM0                             00000000
SSPM1                             00000001
SSPM2                             00000002
SSPM3                             00000003
SSPMSK                            00000093
SSPOV                             00000006
SSPSTAT                           00000094
STATUS                            00000003
STRA                              00000000
STRB                              00000001
STRC                              00000002
STRD                              00000003
STRSYNC                           00000004
SWDTEN                            00000000
SYNC                              00000004
T0CS                              00000005
T0IE                              00000005
T0IF                              00000002
T0SE                              00000004
T1CKPS0                           00000004
T1CKPS1                           00000005
T1CON                             00000010
T1GINV                            00000007
T1GIV                             00000007
T1GSS                             00000001
T1INSYNC                          00000002
T1OSCEN                           00000003
T1SYNC                            00000002
T2CKPS0                           00000000
T2CKPS1                           00000001
T2CON                             00000012
TMR0                              00000001
TMR0IE                            00000005
TMR0IF                            00000002
TMR1                              0000000E
TMR1CS                            00000001
TMR1GE                            00000006
TMR1H                             0000000F
TMR1IE                            00000000
TMR1IF                            00000000
TMR1L                             0000000E
TMR1ON                            00000000
TMR2                              00000011
TMR2IE                            00000001
TMR2IF                            00000001
TMR2ON                            00000002
TOUTPS0                           00000003
TOUTPS1                           00000004
MPASM 5.86                     FUNCTIONS.ASM   7-11-2022  16:34:00         PAGE 14


SYMBOL TABLE
  LABEL                             VALUE 

TOUTPS2                           00000005
TOUTPS3                           00000006
TRISA                             00000085
TRISA0                            00000000
TRISA1                            00000001
TRISA2                            00000002
TRISA3                            00000003
TRISA4                            00000004
TRISA5                            00000005
TRISA6                            00000006
TRISA7                            00000007
TRISB                             00000086
TRISB0                            00000000
TRISB1                            00000001
TRISB2                            00000002
TRISB3                            00000003
TRISB4                            00000004
TRISB5                            00000005
TRISB6                            00000006
TRISB7                            00000007
TRISC                             00000087
TRISC0                            00000000
TRISC1                            00000001
TRISC2                            00000002
TRISC3                            00000003
TRISC4                            00000004
TRISC5                            00000005
TRISC6                            00000006
TRISC7                            00000007
TRISD                             00000088
TRISD0                            00000000
TRISD1                            00000001
TRISD2                            00000002
TRISD3                            00000003
TRISD4                            00000004
TRISD5                            00000005
TRISD6                            00000006
TRISD7                            00000007
TRISE                             00000089
TRISE0                            00000000
TRISE1                            00000001
TRISE2                            00000002
TRISE3                            00000003
TRMT                              00000001
TUN0                              00000000
TUN1                              00000001
TUN2                              00000002
TUN3                              00000003
TUN4                              00000004
TX8_9                             00000006
TX9                               00000006
TX9D                              00000000
TXD8                              00000000
MPASM 5.86                     FUNCTIONS.ASM   7-11-2022  16:34:00         PAGE 15


SYMBOL TABLE
  LABEL                             VALUE 

TXEN                              00000005
TXIE                              00000004
TXIF                              00000004
TXREG                             00000019
TXSTA                             00000098
TX_ON                             00000001
UA                                00000001
ULPWUE                            00000005
ULPWUIE                           00000002
ULPWUIF                           00000002
VCFG0                             00000004
VCFG1                             00000005
VR0                               00000000
VR1                               00000001
VR2                               00000002
VR3                               00000003
VRCON                             00000097
VREN                              00000007
VROE                              00000006
VRR                               00000005
VRSS                              00000004
W                                 00000000
WCOL                              00000007
WDTCON                            00000105
WDTPS0                            00000001
WDTPS1                            00000002
WDTPS2                            00000003
WDTPS3                            00000004
WPUB                              00000095
WPUB0                             00000000
WPUB1                             00000001
WPUB2                             00000002
WPUB3                             00000003
WPUB4                             00000004
WPUB5                             00000005
WPUB6                             00000006
WPUB7                             00000007
WR                                00000001
WREN                              00000002
WRERR                             00000003
WUE                               00000001
Z                                 00000002
_BOR21V                           00003EFF
_BOR40V                           00003FFF
_BOR4V_BOR21V                     00003EFF
_BOR4V_BOR40V                     00003FFF
_BOREN_NSLEEP                     00003EFF
_BOREN_OFF                        00003CFF
_BOREN_ON                         00003FFF
_BOREN_SBODEN                     00003DFF
_BOR_NSLEEP                       00003EFF
_BOR_OFF                          00003CFF
_BOR_ON                           00003FFF
MPASM 5.86                     FUNCTIONS.ASM   7-11-2022  16:34:00         PAGE 16


SYMBOL TABLE
  LABEL                             VALUE 

_BOR_SBODEN                       00003DFF
_CONFIG1                          00002007
_CONFIG2                          00002008
_CPD_OFF                          00003FFF
_CPD_ON                           00003F7F
_CP_OFF                           00003FFF
_CP_ON                            00003FBF
_DEBUG_OFF                        00003FFF
_DEBUG_ON                         00001FFF
_DEVID1                           00002006
_EC_OSC                           00003FFB
_EXTRC                            00003FFF
_EXTRCIO                          00003FFE
_EXTRC_OSC_CLKOUT                 00003FFF
_EXTRC_OSC_NOCLKOUT               00003FFE
_FCMEN_OFF                        000037FF
_FCMEN_ON                         00003FFF
_FOSC_EC                          00003FFB
_FOSC_EXTRC_CLKOUT                00003FFF
_FOSC_EXTRC_NOCLKOUT              00003FFE
_FOSC_HS                          00003FFA
_FOSC_INTRC_CLKOUT                00003FFD
_FOSC_INTRC_NOCLKOUT              00003FFC
_FOSC_LP                          00003FF8
_FOSC_XT                          00003FF9
_HS_OSC                           00003FFA
_IDLOC0                           00002000
_IDLOC1                           00002001
_IDLOC2                           00002002
_IDLOC3                           00002003
_IESO_OFF                         00003BFF
_IESO_ON                          00003FFF
_INTOSC                           00003FFD
_INTOSCIO                         00003FFC
_INTRC_OSC_CLKOUT                 00003FFD
_INTRC_OSC_NOCLKOUT               00003FFC
_LP_OSC                           00003FF8
_LVP_OFF                          00002FFF
_LVP_ON                           00003FFF
_MCLRE_OFF                        00003FDF
_MCLRE_ON                         00003FFF
_PWRTE_OFF                        00003FFF
_PWRTE_ON                         00003FEF
_WDTE_OFF                         00003FF7
_WDTE_ON                          00003FFF
_WDT_OFF                          00003FF7
_WDT_ON                           00003FFF
_WRT_1FOURTH                      00003BFF
_WRT_256                          00003DFF
_WRT_HALF                         000039FF
_WRT_OFF                          00003FFF
_XT_OSC                           00003FF9
__16F887                          00000001
MPASM 5.86                     FUNCTIONS.ASM   7-11-2022  16:34:00         PAGE 17


SYMBOL TABLE
  LABEL                             VALUE 

byte_count                        00000000
curr_min                          00000000
curr_sec                          00000000
end_div                           00000057
end_increment                     00000027
flags                             00000000
format_data                       00000028
increment_cronometer              00000017
loop_div_10                       00000050
prepare_transmission              00000043
printBuff                         00000000
reload_tmr1                       0000000A
setReg0                           
setRegK                           
split_number                      0000004F
start_timer                       00000000
tmp                               00000000
tmp2                              00000001
tmr_10ms                          000000B2
tmr_1s                            00008000
toggle_led                        00000006

Errors   :     0
Warnings :     0 reported,     0 suppressed
Messages :     4 reported,     0 suppressed

