MPASM 5.86                     INTERRUPT.ASM   7-13-2022  20:59:18         PAGE  1


LOC  OBJECT CODE     LINE SOURCE TEXT
  VALUE

                      00001                 #include "p16f887.inc"
                      00001         LIST
                      00002 
                      00003 ;==========================================================================
                      00004 ; Build date : Oct 24 2019
                      00005 ;  MPASM PIC16F887 processor include
                      00006 ; 
                      00007 ;  (c) Copyright 1999-2019 Microchip Technology, All rights reserved
                      00008 ;==========================================================================
                      00009 
                      00810         LIST
                      00002                 #include "macro.inc"
                      00001 ; definizione di macro utili per ottenere un codice piu' compatto
                      00002 ;
                      00003 ; se si include questo file in MPLAB X, selezionare "exclude from build"
                      00004 ;  dalle proprieta' del file (tasto destro sul file nella finestra
                      00005 ;  del progetto)
                      00006 
                      00007 
                      00008 ; macro per settare il valore di un registro (movlw + banksel + movwf)
                      00009 setRegK                 macro Reg, Const
                      00010                 movlw Const
                      00011                 banksel Reg
                      00012                 movwf Reg
                      00013                                 endm
                      00014 
                      00015 
                      00016 ; macro per azzerare un registro (banksel + clrf)
                      00017 setReg0 macro Reg
                      00018                     banksel Reg
                      00019                     clrf Reg
                      00020             endm
                      00021 
                      00003                 #include "costants.inc"                 ;definizione di costanti
                      00001 ;definizioni costanti
                      00002 
                      00003 ;-------------------------------------------------------------------------------------------
                      00004 
                      00005 ;Timer0 viene utilizzato per il debouncing. L'oscillatore interno ha una frequenza di 8MHz e la frequenz
                            a scelta come sorgente per il timer è Fosc/4.
                      00006 ;Avendo scelto un PS di 256, il periodo Ttick è pari a 256/(8MHz/4) = 128us.
                      00007 ;Siccome il tempo di debouncing è di 10ms e x:10ms = 1:128us, allora x = 10ms/256us = 78 tick. 
                      00008 ;Pertanto la costante da caricare sul timer0 sarà (.256-.78)
                      00009 
  000000B2            00010 tmr_10ms    equ    (.256-.78)
                      00011 
                      00012 ;Timer1 è utilizzato per il cronometro, che ha una risoluzione di 1 secondo.
                      00013 ;Avendo scelto come sorgente per il timer1 quella dell'oscillatore esterno, che ha una frequenza di 3676
                            8KHz, e avendo impostato il PS a 1, 
                      00014 ;il Ttick è pari a 1/36768KHz
                      00015 ;Il tempo massimo che può raggiungere il timer1 con queste impostazioni è pari a Tmax = Ttick*65536 = 2s
                            .
                      00016 ;Pertanto il numero di incrementi che corrisponde ad 1s è pari alla metà degli incrementi massimi, ovver
MPASM 5.86                     INTERRUPT.ASM   7-13-2022  20:59:18         PAGE  2


LOC  OBJECT CODE     LINE SOURCE TEXT
  VALUE

                            o 65536/2.
                      00017 
  00008000            00018 tmr_1s      equ    (.65536-.32768)
                      00019 
                      00020 ;la variabile flags è un vettore che contiene 2 bit di flag:
  00000000            00021 CAN_SLEEP   equ .0
  00000001            00022 TX_ON       equ .1
                      00023 
                      00024 ;nomi led
  00000000            00025 LED_D1      equ .0
  00000001            00026 LED_D2      equ .1
  00000002            00027 LED_D3      equ .2
  00000003            00028 LED_D4      equ .3
                      00004                 
                      00005                 ;label importate(variabili)
  0000                00006                 extern  printBuff, flags, portb_prev, byte_count
                      00007                 ;label importate(funzioni)
  0000                00008                 extern toggle_led, reload_tmr1, increment_chronometer, start_timer, format_data, prepare
                            _transmission
                      00009         
                      00010                 ;variabili condivise
                      00011                 udata_shr
0000                  00012 w_temp          res    .1  ; salvataggio registri (context saving)
0001                  00013 status_temp     res    .1  ;  "             "                "
0002                  00014 pclath_temp     res    .1                       ; riserva un byte di memoria associato alla label pclath
                            _temp
                      00015         
                      00016                 ;direttiva che attiva i led di debug
                      00017                 ;#define        DEBUG
                      00018                 
                      00019 ;-----------------------------------------------------------------------------------------------
                      00020 ;interrupt service routine
                      00021 irq             code    0x0004
                      00022                 ;salvataggio del contesto
0004   00??           00023                 movwf   w_temp          
0005   0E03           00024                 swapf   STATUS,w                
0006   00??           00025                 movwf   status_temp             
0007   080A           00026                 movf    PCLATH,w                
0008   00??           00027                 movwf   pclath_temp
                      00028                 
0009                  00029 test_timer0
                      00030                 ;controllo se l'interrupt è stato generato dallo scadere del timer0, utilizzato per il d
                            ebouncing
0009   1E8B           00031                 btfss INTCON, T0IE
000A   2???           00032                 goto test_button
000B   1D0B           00033                 btfss INTCON, T0IF
000C   2???           00034                 goto test_button
                      00035                 
                      00036                 ;resetto l'interrupt flag e disabilito interrupt da timer 0
000D   110B           00037                 bcf INTCON, T0IF
000E   128B           00038                 bcf INTCON, T0IE
                      00039                 
                      00040                 ;riabilito l'interrupt dei pulsanti.
MPASM 5.86                     INTERRUPT.ASM   7-13-2022  20:59:18         PAGE  3


LOC  OBJECT CODE     LINE SOURCE TEXT
  VALUE

000F   158B           00041                 bsf INTCON, RBIE
                      00042                 
                      00043                 ;setto can_sleep
0010   1400           00044                 bsf flags, CAN_SLEEP
                      00045                 
0011   2???           00046                 goto irq_end
0012                  00047 test_button
0012   1C0B           00048                 btfss   INTCON, RBIF
0013   2???           00049                 goto    test_timer1
0014   1D8B           00050                 btfss   INTCON, RBIE
0015   2???           00051                 goto    test_timer1
                      00052                 
                      00053                 ;leggo la porta per eliminare la condizione di mismatch
0016   1283 1303      00054                 banksel PORTB
0018   0806           00055                 movf    PORTB, w        ; legge PORTB eliminando condizione di mismatch
0019   100B           00056                 bcf     INTCON, RBIF
                      00057                 
                      00058                 ;controllo se c'è stato un cambiamento dello stato della porta
001A   06??           00059                 xorwf   portb_prev, w   
001B   3901           00060                 andlw   0x01           
001C   1903           00061                 btfsc   STATUS,Z        
001D   2???           00062                 goto    button_end      
                      00063                 
                      00064                 ;il pulsante 1 è stato premuto o rilasciato, iniziare il conteggio di debouncing
                      00065                 
                      00066                 ;disabilito interrupt
001E   118B           00067                 bcf INTCON, RBIE
                      00068                 
                      00069                 ;resetto can_sleep. Il micro non può andare in sleep durante il debouncing
001F   1000           00070                 bcf flags, CAN_SLEEP
                      00071                 
                      00072                 ;faccio partire il timer 0 per il debouncing
0020   30B2           00073                 movlw   tmr_10ms
0021   ???? ????      00074                 pagesel start_timer
0023   2???           00075                 call    start_timer
                      00076         
                      00077                 ;se il bit 0 di portb_prev è a zero significa che il pulsante è stato premuto
0024   1C00           00078                 btfss   portb_prev, 0
0025   2???           00079                 goto    button_end 
                      00080                 
                      00081                 ;toggle led del cronometro
0026   3001           00082                 movlw   0x01        ;Corrisponde alla costante 00000001
0027   ???? ????      00083                 pagesel toggle_led
0029   2???           00084                 call toggle_led
                      00085                 
                      00086                 
                      00087                 ;faccio il toggle del cronometro
002A   1283 1303      00088                 banksel T1CON
002C   3001           00089                 movlw   0x01
002D   0690           00090                 xorwf   T1CON, f
                      00091                 
002E                  00092 button_end
                      00093                 ; salva nuovo stato di PORTB su portb_prev
MPASM 5.86                     INTERRUPT.ASM   7-13-2022  20:59:18         PAGE  4


LOC  OBJECT CODE     LINE SOURCE TEXT
  VALUE

002E   1283 1303      00094                 banksel PORTB
0030   0806           00095                 movf    PORTB, w
0031   00??           00096                 movwf   portb_prev
                      00097 
0032   2???           00098                 goto    irq_end 
                      00099                 
0033                  00100 test_timer1
                      00101                 ;controllo se il timer 1 è scaduto
0033   1683 1303      00102                 banksel PIE1
Message[302]: Register in operand not in bank 0.  Ensure that bank bits are correct.
0035   1C0C           00103                 btfss   PIE1, TMR1IE
0036   2???           00104                 goto test_usart
0037   1283 1303      00105                 banksel PIR1
0039   1C0C           00106                 btfss   PIR1, TMR1IF
003A   2???           00107                 goto test_usart
                      00108                 
                      00109                 ;ricarico il timer
003B   ???? ????      00110                 pagesel reload_tmr1
003D   2???           00111                 call    reload_tmr1
                      00112                 
                      00113                 #ifdef  DEBUG
                      00114                     ;toggle led debug
                      00115                     movlw   0x02        ;Corrisponde alla costante 00000010
                      00116                     pagesel toggle_led
                      00117                     call toggle_led
                      00118                 #endif
                      00119                 
                      00120                 ;chiamo funzione che incrementa il conteggio del cronometro
003E   ???? ????      00121                 pagesel increment_chronometer
0040   2???           00122                 call    increment_chronometer
                      00123                 
                      00124                 ;chiamo funzione che scrive il valore del cronometro su printBuff
0041   ???? ????      00125                 pagesel format_data
0043   2???           00126                 call format_data
                      00127                 
                      00128                 ;copio la costante 6 in w, siccome dovrò trasmettere 6 byte -> 'm' + 'm' + ':' + 's' + '
                            s' + 'invio'
0044   3006           00129                 movlw   .6
                      00130                 
                      00131                 ;chiamo funzione che prepara la trasmissione dei dati
0045   ???? ????      00132                 pagesel prepare_transmission
0047   2???           00133                 call    prepare_transmission
                      00134                 
0048   2???           00135                 goto irq_end
                      00136                 
0049                  00137 test_usart
                      00138                 ;controllo se il buffer si è svuotato, cioè se la trasmissione precedente è terminata
0049   1683 1303      00139                 banksel PIE1
Message[302]: Register in operand not in bank 0.  Ensure that bank bits are correct.
004B   1E0C           00140                 btfss PIE1, TXIE
004C   2???           00141                 goto irq_end
004D   1283 1303      00142                 banksel PIR1
004F   1E0C           00143                 btfss PIR1, TXIF
MPASM 5.86                     INTERRUPT.ASM   7-13-2022  20:59:18         PAGE  5


LOC  OBJECT CODE     LINE SOURCE TEXT
  VALUE

0050   2???           00144                 goto irq_end
                      00145                 
                      00146                 ;in questo caso siamo pronti ad iniziare una nuova trasmissione
                      00147                 
                      00148                 ;controllo che ci siano ancora byte da trasmettere
0051   ???? ????      00149                 banksel byte_count
0053   08??           00150                 movf    byte_count, w
                      00151                 
                      00152                 ;se il bit Z del registro status è settato, significa che byte_count è a zero e non ci s
                            ono più byte da trasmettere
0054   1903           00153                 btfsc   STATUS, Z
0055   2???           00154                 goto    uart_tx_end
                      00155                 
                      00156                 ;se ho ancora byte da trasmettere, li recupero dal buffer, andando a leggere il registro
                             INDF: indirizzamento indiretto di printBuff
0056   0800           00157                 movf    INDF, w
                      00158                 
                      00159                 ;ora copio il byte contenuto in printBuff nel registro TXREG, causando l'inizio della tr
                            asmissione
0057   1283 1303      00160                 banksel TXREG
0059   0099           00161                 movwf   TXREG
                      00162                 
                      00163                 ;incremento il registro FSR, in modo da andare a puntare al byte successivo di printBuff
005A   0A84           00164                 incf    FSR, f
                      00165                 
                      00166                 ;decremento il contatore
005B   ???? ????      00167                 banksel byte_count
005D   03??           00168                 decf    byte_count, f
                      00169                 
005E   2???           00170                 goto irq_end
                      00171 
005F                  00172 uart_tx_end    
                      00173                 ;resetto ilbit di flag. In questo modo il micro può tornare in sleep
005F   1080           00174                 bcf     flags, TX_ON
                      00175                 
                      00176                 ;disabilito l'interrupt enable, siccome i byte da trasmettere sono terminati
0060   1683 1303      00177                 banksel PIE1
Message[302]: Register in operand not in bank 0.  Ensure that bank bits are correct.
0062   120C           00178                 bcf     PIE1, TXIE
                      00179                 
0063                  00180 irq_end
                      00181                 ;ripristino del contesto
0063   08??           00182                 movf    pclath_temp,w
0064   008A           00183                 movwf   PCLATH                  
0065   0E??           00184                 swapf   status_temp,w                           
0066   0083           00185                 movwf   STATUS          
0067   0E??           00186                 swapf   w_temp,f                
0068   0E??           00187                 swapf   w_temp,w
                      00188                 
0069   0009           00189                 retfie
                      00190                 
                      00191                 end
MPASM 5.86                     INTERRUPT.ASM   7-13-2022  20:59:18         PAGE  6


SYMBOL TABLE
  LABEL                             VALUE 

ABDEN                             00000000
ABDOVF                            00000007
ACKDT                             00000005
ACKEN                             00000004
ACKSTAT                           00000006
ADCON0                            0000001F
ADCON1                            0000009F
ADCS0                             00000006
ADCS1                             00000007
ADDEN                             00000003
ADFM                              00000007
ADIE                              00000006
ADIF                              00000006
ADON                              00000000
ADRESH                            0000001E
ADRESL                            0000009E
ANS0                              00000000
ANS1                              00000001
ANS10                             00000002
ANS11                             00000003
ANS12                             00000004
ANS13                             00000005
ANS2                              00000002
ANS3                              00000003
ANS4                              00000004
ANS5                              00000005
ANS6                              00000006
ANS7                              00000007
ANS8                              00000000
ANS9                              00000001
ANSEL                             00000188
ANSELH                            00000189
BAUDCTL                           00000187
BCLIE                             00000003
BCLIF                             00000003
BF                                00000000
BRG0                              00000000
BRG1                              00000001
BRG10                             00000002
BRG11                             00000003
BRG12                             00000004
BRG13                             00000005
BRG14                             00000006
BRG15                             00000007
BRG16                             00000003
BRG2                              00000002
BRG3                              00000003
BRG4                              00000004
BRG5                              00000005
BRG6                              00000006
BRG7                              00000007
BRG8                              00000000
BRG9                              00000001
MPASM 5.86                     INTERRUPT.ASM   7-13-2022  20:59:18         PAGE  7


SYMBOL TABLE
  LABEL                             VALUE 

BRGH                              00000002
C                                 00000000
C1CH0                             00000000
C1CH1                             00000001
C1IE                              00000005
C1IF                              00000005
C1OE                              00000005
C1ON                              00000007
C1OUT                             00000006
C1POL                             00000004
C1R                               00000002
C1RSEL                            00000005
C1SEN                             00000005
C2CH0                             00000000
C2CH1                             00000001
C2IE                              00000006
C2IF                              00000006
C2OE                              00000005
C2ON                              00000007
C2OUT                             00000006
C2POL                             00000004
C2R                               00000002
C2REN                             00000004
C2RSEL                            00000004
C2SYNC                            00000000
CAN_SLEEP                         00000000
CCP1CON                           00000017
CCP1IE                            00000002
CCP1IF                            00000002
CCP1M0                            00000000
CCP1M1                            00000001
CCP1M2                            00000002
CCP1M3                            00000003
CCP1X                             00000005
CCP1Y                             00000004
CCP2CON                           0000001D
CCP2IE                            00000000
CCP2IF                            00000000
CCP2M0                            00000000
CCP2M1                            00000001
CCP2M2                            00000002
CCP2M3                            00000003
CCP2X                             00000005
CCP2Y                             00000004
CCPR1                             00000015
CCPR1H                            00000016
CCPR1L                            00000015
CCPR2                             0000001B
CCPR2H                            0000001C
CCPR2L                            0000001B
CHS0                              00000002
CHS1                              00000003
CHS2                              00000004
MPASM 5.86                     INTERRUPT.ASM   7-13-2022  20:59:18         PAGE  8


SYMBOL TABLE
  LABEL                             VALUE 

CHS3                              00000005
CKE                               00000006
CKP                               00000004
CM1CON0                           00000107
CM2CON0                           00000108
CM2CON1                           00000109
CREN                              00000004
CSRC                              00000007
D                                 00000005
DATA_ADDRESS                      00000005
DC                                00000001
DC1B0                             00000004
DC1B1                             00000005
DC2B0                             00000004
DC2B1                             00000005
D_A                               00000005
D_NOT_A                           00000005
ECCPAS                            0000009C
ECCPAS0                           00000004
ECCPAS1                           00000005
ECCPAS2                           00000006
ECCPASE                           00000007
EEADR                             0000010D
EEADRH                            0000010F
EECON1                            0000018C
EECON2                            0000018D
EEDAT                             0000010C
EEDATA                            0000010C
EEDATH                            0000010E
EEIE                              00000004
EEIF                              00000004
EEPGD                             00000007
F                                 00000001
FERR                              00000002
FSR                               00000004
FVREN                             00000000
GCEN                              00000007
GIE                               00000007
GO                                00000001
GO_DONE                           00000001
GO_NOT_DONE                       00000001
HTS                               00000002
I2C_DATA                          00000005
I2C_READ                          00000002
I2C_START                         00000003
I2C_STOP                          00000004
INDF                              00000000
INTCON                            0000000B
INTE                              00000004
INTEDG                            00000006
INTF                              00000001
IOCB                              00000096
IOCB0                             00000000
MPASM 5.86                     INTERRUPT.ASM   7-13-2022  20:59:18         PAGE  9


SYMBOL TABLE
  LABEL                             VALUE 

IOCB1                             00000001
IOCB2                             00000002
IOCB3                             00000003
IOCB4                             00000004
IOCB5                             00000005
IOCB6                             00000006
IOCB7                             00000007
IRCF0                             00000004
IRCF1                             00000005
IRCF2                             00000006
IRP                               00000007
LED_D1                            00000000
LED_D2                            00000001
LED_D3                            00000002
LED_D4                            00000003
LTS                               00000001
MC1OUT                            00000007
MC2OUT                            00000006
MSK                               00000093
MSK0                              00000000
MSK1                              00000001
MSK2                              00000002
MSK3                              00000003
MSK4                              00000004
MSK5                              00000005
MSK6                              00000006
MSK7                              00000007
NOT_A                             00000005
NOT_ADDRESS                       00000005
NOT_BO                            00000000
NOT_BOR                           00000000
NOT_DONE                          00000001
NOT_PD                            00000003
NOT_POR                           00000001
NOT_RBPU                          00000007
NOT_RC8                           00000006
NOT_T1SYNC                        00000002
NOT_TO                            00000004
NOT_TX8                           00000006
NOT_W                             00000002
NOT_WRITE                         00000002
OERR                              00000001
OPTION_REG                        00000081
OSCCON                            0000008F
OSCTUNE                           00000090
OSFIE                             00000007
OSFIF                             00000007
OSTS                              00000003
P                                 00000004
P1M0                              00000006
P1M1                              00000007
PCL                               00000002
PCLATH                            0000000A
MPASM 5.86                     INTERRUPT.ASM   7-13-2022  20:59:18         PAGE 10


SYMBOL TABLE
  LABEL                             VALUE 

PCON                              0000008E
PDC0                              00000000
PDC1                              00000001
PDC2                              00000002
PDC3                              00000003
PDC4                              00000004
PDC5                              00000005
PDC6                              00000006
PEIE                              00000006
PEN                               00000002
PIE1                              0000008C
PIE2                              0000008D
PIR1                              0000000C
PIR2                              0000000D
PORTA                             00000005
PORTB                             00000006
PORTC                             00000007
PORTD                             00000008
PORTE                             00000009
PR2                               00000092
PRSEN                             00000007
PS0                               00000000
PS1                               00000001
PS2                               00000002
PSA                               00000003
PSSAC0                            00000002
PSSAC1                            00000003
PSSBD0                            00000000
PSSBD1                            00000001
PSTRCON                           0000009D
PULSR                             00000002
PULSS                             00000003
PWM1CON                           0000009B
R                                 00000002
RA0                               00000000
RA1                               00000001
RA2                               00000002
RA3                               00000003
RA4                               00000004
RA5                               00000005
RA6                               00000006
RA7                               00000007
RB0                               00000000
RB1                               00000001
RB2                               00000002
RB3                               00000003
RB4                               00000004
RB5                               00000005
RB6                               00000006
RB7                               00000007
RBIE                              00000003
RBIF                              00000000
RC0                               00000000
MPASM 5.86                     INTERRUPT.ASM   7-13-2022  20:59:18         PAGE 11


SYMBOL TABLE
  LABEL                             VALUE 

RC1                               00000001
RC2                               00000002
RC3                               00000003
RC4                               00000004
RC5                               00000005
RC6                               00000006
RC7                               00000007
RC8_9                             00000006
RC9                               00000006
RCD8                              00000000
RCEN                              00000003
RCIDL                             00000006
RCIE                              00000005
RCIF                              00000005
RCREG                             0000001A
RCSTA                             00000018
RD                                00000000
RD0                               00000000
RD1                               00000001
RD2                               00000002
RD3                               00000003
RD4                               00000004
RD5                               00000005
RD6                               00000006
RD7                               00000007
RE0                               00000000
RE1                               00000001
RE2                               00000002
RE3                               00000003
READ_WRITE                        00000002
RP0                               00000005
RP1                               00000006
RSEN                              00000001
RX9                               00000006
RX9D                              00000000
R_NOT_W                           00000002
R_W                               00000002
S                                 00000003
SBOREN                            00000004
SCKP                              00000004
SCS                               00000000
SEN                               00000000
SENDB                             00000003
SMP                               00000007
SPBRG                             00000099
SPBRGH                            0000009A
SPEN                              00000007
SR0                               00000006
SR1                               00000007
SRCON                             00000185
SREN                              00000005
SSPADD                            00000093
SSPBUF                            00000013
MPASM 5.86                     INTERRUPT.ASM   7-13-2022  20:59:18         PAGE 12


SYMBOL TABLE
  LABEL                             VALUE 

SSPCON                            00000014
SSPCON2                           00000091
SSPEN                             00000005
SSPIE                             00000003
SSPIF                             00000003
SSPM0                             00000000
SSPM1                             00000001
SSPM2                             00000002
SSPM3                             00000003
SSPMSK                            00000093
SSPOV                             00000006
SSPSTAT                           00000094
STATUS                            00000003
STRA                              00000000
STRB                              00000001
STRC                              00000002
STRD                              00000003
STRSYNC                           00000004
SWDTEN                            00000000
SYNC                              00000004
T0CS                              00000005
T0IE                              00000005
T0IF                              00000002
T0SE                              00000004
T1CKPS0                           00000004
T1CKPS1                           00000005
T1CON                             00000010
T1GINV                            00000007
T1GIV                             00000007
T1GSS                             00000001
T1INSYNC                          00000002
T1OSCEN                           00000003
T1SYNC                            00000002
T2CKPS0                           00000000
T2CKPS1                           00000001
T2CON                             00000012
TMR0                              00000001
TMR0IE                            00000005
TMR0IF                            00000002
TMR1                              0000000E
TMR1CS                            00000001
TMR1GE                            00000006
TMR1H                             0000000F
TMR1IE                            00000000
TMR1IF                            00000000
TMR1L                             0000000E
TMR1ON                            00000000
TMR2                              00000011
TMR2IE                            00000001
TMR2IF                            00000001
TMR2ON                            00000002
TOUTPS0                           00000003
TOUTPS1                           00000004
MPASM 5.86                     INTERRUPT.ASM   7-13-2022  20:59:18         PAGE 13


SYMBOL TABLE
  LABEL                             VALUE 

TOUTPS2                           00000005
TOUTPS3                           00000006
TRISA                             00000085
TRISA0                            00000000
TRISA1                            00000001
TRISA2                            00000002
TRISA3                            00000003
TRISA4                            00000004
TRISA5                            00000005
TRISA6                            00000006
TRISA7                            00000007
TRISB                             00000086
TRISB0                            00000000
TRISB1                            00000001
TRISB2                            00000002
TRISB3                            00000003
TRISB4                            00000004
TRISB5                            00000005
TRISB6                            00000006
TRISB7                            00000007
TRISC                             00000087
TRISC0                            00000000
TRISC1                            00000001
TRISC2                            00000002
TRISC3                            00000003
TRISC4                            00000004
TRISC5                            00000005
TRISC6                            00000006
TRISC7                            00000007
TRISD                             00000088
TRISD0                            00000000
TRISD1                            00000001
TRISD2                            00000002
TRISD3                            00000003
TRISD4                            00000004
TRISD5                            00000005
TRISD6                            00000006
TRISD7                            00000007
TRISE                             00000089
TRISE0                            00000000
TRISE1                            00000001
TRISE2                            00000002
TRISE3                            00000003
TRMT                              00000001
TUN0                              00000000
TUN1                              00000001
TUN2                              00000002
TUN3                              00000003
TUN4                              00000004
TX8_9                             00000006
TX9                               00000006
TX9D                              00000000
TXD8                              00000000
MPASM 5.86                     INTERRUPT.ASM   7-13-2022  20:59:18         PAGE 14


SYMBOL TABLE
  LABEL                             VALUE 

TXEN                              00000005
TXIE                              00000004
TXIF                              00000004
TXREG                             00000019
TXSTA                             00000098
TX_ON                             00000001
UA                                00000001
ULPWUE                            00000005
ULPWUIE                           00000002
ULPWUIF                           00000002
VCFG0                             00000004
VCFG1                             00000005
VR0                               00000000
VR1                               00000001
VR2                               00000002
VR3                               00000003
VRCON                             00000097
VREN                              00000007
VROE                              00000006
VRR                               00000005
VRSS                              00000004
W                                 00000000
WCOL                              00000007
WDTCON                            00000105
WDTPS0                            00000001
WDTPS1                            00000002
WDTPS2                            00000003
WDTPS3                            00000004
WPUB                              00000095
WPUB0                             00000000
WPUB1                             00000001
WPUB2                             00000002
WPUB3                             00000003
WPUB4                             00000004
WPUB5                             00000005
WPUB6                             00000006
WPUB7                             00000007
WR                                00000001
WREN                              00000002
WRERR                             00000003
WUE                               00000001
Z                                 00000002
_BOR21V                           00003EFF
_BOR40V                           00003FFF
_BOR4V_BOR21V                     00003EFF
_BOR4V_BOR40V                     00003FFF
_BOREN_NSLEEP                     00003EFF
_BOREN_OFF                        00003CFF
_BOREN_ON                         00003FFF
_BOREN_SBODEN                     00003DFF
_BOR_NSLEEP                       00003EFF
_BOR_OFF                          00003CFF
_BOR_ON                           00003FFF
MPASM 5.86                     INTERRUPT.ASM   7-13-2022  20:59:18         PAGE 15


SYMBOL TABLE
  LABEL                             VALUE 

_BOR_SBODEN                       00003DFF
_CONFIG1                          00002007
_CONFIG2                          00002008
_CPD_OFF                          00003FFF
_CPD_ON                           00003F7F
_CP_OFF                           00003FFF
_CP_ON                            00003FBF
_DEBUG_OFF                        00003FFF
_DEBUG_ON                         00001FFF
_DEVID1                           00002006
_EC_OSC                           00003FFB
_EXTRC                            00003FFF
_EXTRCIO                          00003FFE
_EXTRC_OSC_CLKOUT                 00003FFF
_EXTRC_OSC_NOCLKOUT               00003FFE
_FCMEN_OFF                        000037FF
_FCMEN_ON                         00003FFF
_FOSC_EC                          00003FFB
_FOSC_EXTRC_CLKOUT                00003FFF
_FOSC_EXTRC_NOCLKOUT              00003FFE
_FOSC_HS                          00003FFA
_FOSC_INTRC_CLKOUT                00003FFD
_FOSC_INTRC_NOCLKOUT              00003FFC
_FOSC_LP                          00003FF8
_FOSC_XT                          00003FF9
_HS_OSC                           00003FFA
_IDLOC0                           00002000
_IDLOC1                           00002001
_IDLOC2                           00002002
_IDLOC3                           00002003
_IESO_OFF                         00003BFF
_IESO_ON                          00003FFF
_INTOSC                           00003FFD
_INTOSCIO                         00003FFC
_INTRC_OSC_CLKOUT                 00003FFD
_INTRC_OSC_NOCLKOUT               00003FFC
_LP_OSC                           00003FF8
_LVP_OFF                          00002FFF
_LVP_ON                           00003FFF
_MCLRE_OFF                        00003FDF
_MCLRE_ON                         00003FFF
_PWRTE_OFF                        00003FFF
_PWRTE_ON                         00003FEF
_WDTE_OFF                         00003FF7
_WDTE_ON                          00003FFF
_WDT_OFF                          00003FF7
_WDT_ON                           00003FFF
_WRT_1FOURTH                      00003BFF
_WRT_256                          00003DFF
_WRT_HALF                         000039FF
_WRT_OFF                          00003FFF
_XT_OSC                           00003FF9
__16F887                          00000001
MPASM 5.86                     INTERRUPT.ASM   7-13-2022  20:59:18         PAGE 16


SYMBOL TABLE
  LABEL                             VALUE 

button_end                        0000002E
byte_count                        00000000
flags                             00000000
format_data                       00000000
increment_chronometer             00000000
irq_end                           00000063
pclath_temp                       00000002
portb_prev                        00000000
prepare_transmission              00000000
printBuff                         00000000
reload_tmr1                       00000000
setReg0                           
setRegK                           
start_timer                       00000000
status_temp                       00000001
test_button                       00000012
test_timer0                       00000009
test_timer1                       00000033
test_usart                        00000049
tmr_10ms                          000000B2
tmr_1s                            00008000
toggle_led                        00000000
uart_tx_end                       0000005F
w_temp                            00000000

Errors   :     0
Warnings :     0 reported,     0 suppressed
Messages :     3 reported,     0 suppressed

