MPASM 5.86                          MAIN.ASM   7-11-2022  17:10:48         PAGE  1


LOC  OBJECT CODE     LINE SOURCE TEXT
  VALUE

                      00001 ;Progetto di esame Bartolini
                      00002 ;-----------------------------------------------------------------------------------------------
                      00003         
                      00004 ;Si realizzi un firmware che implementi un cronometro con risoluzione di un secondo
                      00005 ;e visualizzi il tempo tramite porta seriale (EUSART) nel formato "mm:ss". Un
                      00006 ;pulsante permetta di arrestare e riattivare il cronometro, mentre un LED sia acceso
                      00007 ;quando il cronometro è attivo.
                      00008 
                      00009 ;-----------------------------------------------------------------------------------------------
                      00010     
                      00011         #include        "p16f887.inc"   
                      00001         LIST
                      00002 
                      00003 ;==========================================================================
                      00004 ; Build date : Oct 24 2019
                      00005 ;  MPASM PIC16F887 processor include
                      00006 ; 
                      00007 ;  (c) Copyright 1999-2019 Microchip Technology, All rights reserved
                      00008 ;==========================================================================
                      00009 
                      00810         LIST
                      00012         #include "macro.inc"                    ; definizione di macro utili
                      00001 ; definizione di macro utili per ottenere un codice piu' compatto
                      00002 ;
                      00003 ; se si include questo file in MPLAB X, selezionare "exclude from build"
                      00004 ;  dalle proprieta' del file (tasto destro sul file nella finestra
                      00005 ;  del progetto)
                      00006 
                      00007 
                      00008 ; macro per settare il valore di un registro (movlw + banksel + movwf)
                      00009 setRegK                 macro Reg, Const
                      00010                 movlw Const
                      00011                 banksel Reg
                      00012                 movwf Reg
                      00013                                 endm
                      00014 
                      00015 
                      00016 ; macro per azzerare un registro (banksel + clrf)
                      00017 setReg0 macro Reg
                      00018                     banksel Reg
                      00019                     clrf Reg
                      00020             endm
                      00021 
                      00013         #include "costants.inc"                 ;definizione di costanti
                      00001 ;definizioni costanti
                      00002 
                      00003 ;-------------------------------------------------------------------------------------------
                      00004 
                      00005 ;Timer0 viene utilizzato per il debouncing. L'oscillatore interno ha una frequenza di 8MHz e la frequenz
                            a scelta come sorgente per il timer è Fosc/4.
                      00006 ;Avendo scelto un PS di 256, il periodo Ttick è pari a 256/(8MHz/4) = 128us.
                      00007 ;Siccome il tempo di debouncing è di 10ms e x:10ms = 1:128us, allora x = 10ms/256us = 78 tick. 
                      00008 ;Pertanto la costante da caricare sul timer0 sarà (.256-.39)
MPASM 5.86                          MAIN.ASM   7-11-2022  17:10:48         PAGE  2


LOC  OBJECT CODE     LINE SOURCE TEXT
  VALUE

                      00009 
  000000B2            00010 tmr_10ms    equ    (.256-.78)
                      00011 
                      00012 ;Timer1 è utilizzato per il cronometro, che ha una risoluzione di 1 secondo.
                      00013 ;Avendo scelto come sorgente per il timer1 quella dell'oscillatore esterno, che ha una frequenza di 3676
                            8KHz, e avendo impostato il PS a 1, 
                      00014 ;il Ttick è pari a 1/36768KHz
                      00015 ;Il tempo massimo che può raggiungere il timer1 con queste impostazioni è pari a Tmax = Ttick*65536 = 2s
                            .
                      00016 ;Pertanto il numero di incrementi che corrisponde ad 1s è pari alla metà degli incrementi massimi, ovver
                            o 65536/2.
                      00017 
  00008000            00018 tmr_1s      equ    (.65536-.32768)
                      00019 
                      00020 ;la variabile flags è un vettore che contiene 2 bit di flag:
  00000000            00021 CAN_SLEEP   equ .0
  00000001            00022 TX_ON       equ .1
                      00023 
                      00024 ;nomi led
  00000000            00025 LED_D1      equ .0
  00000001            00026 LED_D2      equ .1
  00000002            00027 LED_D3      equ .2
  00000003            00028 LED_D4      equ .3
                      00014         
                      00015         ; configuration bits
2007   2CF4           00016         __CONFIG _CONFIG1, _INTRC_OSC_NOCLKOUT & _CP_OFF & _WDT_OFF & _BOR_OFF & _PWRTE_OFF & _LVP_OFF &
                             _DEBUG_OFF & _CPD_OFF
2008   3EFF           00017         __CONFIG _CONFIG2, _BOR21V
                      00018         
                      00019         ;label definite esternamente
  0000                00020         extern  start_timer, toggle_led, reload_tmr1, increment_chronometer, format_data, prepare_transm
                            ission  ;definite nel file functions.asm
                      00021         
                      00022         ;variabili esportate
  0000                00023         global printBuff, flags, portb_prev, curr_sec, curr_min, byte_count
                      00024 
                      00025 ;-----------------------------------------------------------------------------------------------
                      00026         
                      00027 ; variabili in RAM (shared RAM)
                      00028                 udata_shr
                      00029          ;flags contiene due bit: TX_ON e CAN_SLEEP, che vengono utilizzati per controllare se la trasmi
                            ssione è in corso
                      00030          ;e se la cpu può andare in sleep. La cpu non può andare in sleep fintanto che si sta facendo il
                             debouncing
0000                  00031 flags           res    .1
0001                  00032 portb_prev      res    .1
                      00033                     
                      00034     ; variabili in RAM(memoria NON condivisa)
                      00035                 udata
0000                  00036 printBuff        res    .6      ;Riservo 6 byte al buffer
0006                  00037 byte_count       res    .1      ;Numero di byte rimasti da trasmettere
0007                  00038 curr_sec       res    .1        ;secondi
0008                  00039 curr_min       res    .1        ;minuti
MPASM 5.86                          MAIN.ASM   7-11-2022  17:10:48         PAGE  3


LOC  OBJECT CODE     LINE SOURCE TEXT
  VALUE

                      00040        
                      00041     
                      00042 
                      00043 ;-----------------------------------------------------------------------------------------------
                      00044 
                      00045                 ; reset vector
                      00046 rst_vector              code    0x0000
0000   ???? ????      00047                 pagesel start
0002   2???           00048                 goto start
                      00049 
                      00050 
                      00051                 ; programma principale
                      00052                 code
0000                  00053 start  
                      00054                 ;chiamo inizializzazione hardware
0000   ???? ????      00055                 pagesel initHw
0002   2???           00056                 call initHw
                      00057                 
                      00058 ;inizializzo i bit di flag e i contatori
                      00059                 
                      00060                 ;inizialmente la cpu può andare in sleep
0003   1400           00061                 bsf flags, CAN_SLEEP
                      00062                 
                      00063                 ;la trasmissione non è in corso
0004   1080           00064                 bcf flags, TX_ON
                      00065                 
                      00066                 ;azzero i contatori dei minuti e dei secondi
0005   ???? ????      00067                 banksel curr_sec
0007   01??           00068                 clrf    curr_sec
0008   ???? ????      00069                 banksel curr_min
000A   01??           00070                 clrf    curr_min
                      00071                 
                      00072 ;inizializzo portb
                      00073                 
                      00074                 ;leggo PORTB per annullare mismatch
000B   1283 1303      00075                 banksel PORTB
000D   0806           00076                 movf    PORTB, w        ; legge PORTB eliminando condizione di mismatch
000E   100B           00077                 bcf INTCON, RBIF        ;resetto interrupt flag
000F   158B           00078                 bsf INTCON, RBIE        ;abilito interrupt portb
                      00079                 
                      00080                 ;inizializzo portb_prev
0010   3001           00081                 movlw   0x01    ; Pulsante non premuto -> switch aperto -> Vdd -> Logic 1
0011   00??           00082                 movwf   portb_prev
                      00083                 
                      00084 ;inizializzo i led
                      00085                 
                      00086                 ;accendo il led di debug e il led di sleep
0012   1283 1303      00087                 banksel PORTD
0014   3005           00088                 movlw   B'00000101'
0015   0088           00089                 movwf   PORTD
                      00090 
                      00091 ;inizializzo timer 1
                      00092                 
MPASM 5.86                          MAIN.ASM   7-11-2022  17:10:48         PAGE  4


LOC  OBJECT CODE     LINE SOURCE TEXT
  VALUE

                      00093                 ;ricarico il timer
0016   ???? ????      00094                 pagesel reload_tmr1
0018   2???           00095                 call    reload_tmr1
                      00096                 
                      00097                 ;faccio partire il cronometro
0019   1283 1303      00098                 banksel T1CON
001B   1410           00099                 bsf     T1CON, TMR1ON
                      00100                 
                      00101                 ;Abilito interrupt per timer1
001C   1683 1303      00102                 banksel PIE1
Message[302]: Register in operand not in bank 0.  Ensure that bank bits are correct.
001E   140C           00103                 bsf     PIE1, TMR1IE
                      00104                 
                      00105                 ;abilito periferical interrupt enable
001F   170B           00106                 bsf INTCON, PEIE
                      00107                 
                      00108                 ;abilito global interrupt enable
0020   178B           00109                 bsf INTCON, GIE
                      00110 
                      00111 
                      00112 ;trasmetto il valore 00:00
                      00113                 
                      00114                 ;chiamo funzione che scrive il valore del cronometro su printBuff
0021   ???? ????      00115                 pagesel format_data
0023   2???           00116                 call format_data
                      00117                 
                      00118                 ;copio la costante 6 in w, siccome dovrò trasmettere 6 byte -> 'm' + 'm' + ':' + 's' + '
                            s' + 'invio'
0024   3006           00119                 movlw   .6
                      00120                 
                      00121                 ;chiamo funzione che prepara la trasmissione dei dati
0025   ???? ????      00122                 pagesel prepare_transmission
0027   2???           00123                 call    prepare_transmission
0028                  00124 main_loop
                      00125                 
0028                  00126 wait_sleep
                      00127                 ;disabilito  global interrupt enable
0028   138B           00128                 bcf INTCON, GIE
                      00129                         
                      00130                 ;la cpu non può andare in sleep se can_sleep = 0
0029   1800           00131                 btfsc flags, CAN_SLEEP
002A   2???           00132                 goto test_tx
                      00133                 
002B   2???           00134                 goto no_sleep
002C                  00135 test_tx         
                      00136                 ;la cpu non può andare in sleep se la trasmissione non è terminata
002C   1C80           00137                 btfss   flags, TX_ON
002D   2???           00138                 goto    test_sr
                      00139                 
002E   2???           00140                 goto no_sleep
002F                  00141 test_sr         
                      00142                 ;siccome il flag TX_ON viene resettato prima che la trasmissione sia realmente terminata
                            , occorre controllare se lo shift register è realmente vuoto
MPASM 5.86                          MAIN.ASM   7-11-2022  17:10:48         PAGE  5


LOC  OBJECT CODE     LINE SOURCE TEXT
  VALUE

                      00143                 
                      00144                 ;il bit TRMT indica lo stato dello shift register. Se lo shift register è vuoto, il bit 
                            è settato
002F   1683 1303      00145                 banksel     TXSTA
Message[302]: Register in operand not in bank 0.  Ensure that bank bits are correct.
0031   1898           00146                 btfsc       TXSTA, TRMT
0032   2???           00147                 goto go_sleep
                      00148 
0033                  00149 no_sleep
                      00150                 ;abilito global interrupt enable
0033   178B           00151                 bsf INTCON, GIE
                      00152                 
0034   2???           00153                 goto    wait_sleep
0035                  00154 go_sleep
                      00155                 ;spengo il led di sleep
0035   1283 1303      00156                 banksel PORTD
0037   1108           00157                 bcf PORTD, 0x02
                      00158                 
0038   0063           00159                 sleep
0039                  00160 wake_up         
                      00161                 ;accendo il led di sleep
0039   1283 1303      00162                 banksel PORTD
003B   1508           00163                 bsf PORTD, 0x02
                      00164                 
                      00165                 ;una volta risvegliato dall'interrupt, riabilito il GIE per entrare nella ISR
003C   178B           00166                 bsf INTCON, GIE
                      00167                 
003D   2???           00168                 goto main_loop  
                      00169 ;-----------------------------------------------------------------------------------------------
                      00170                 
003E                  00171 initHw
                      00172 ; Scelgo la frequenza del clock di sistema
                      00173                 
                      00174         setRegK OSCCON, B'01110001' ; 8 MHz internal oscillator 
003E   3071               M                 movlw B'01110001'
003F   1683 1303          M                 banksel OSCCON
Message[302]: Register in operand not in bank 0.  Ensure that bank bits are correct.
0041   008F               M                 movwf OSCCON
                      00175         
                      00176 ;Interrupt
0042   018B           00177         clrf    INTCON  ;tutti gli interrupt sono disabilitati
                      00178         
                      00179 ;Inizializzazione pulsanti PORTB
                      00180                 
                      00181         ;setto i pin di PORTB come output(tutti e quattro i pulsanti). 
                      00182         ;0 -> output
                      00183         ;1 -> input
                      00184         
                      00185         ;1 -> pulsante rilasciato
                      00186         ;0 -> pulsante premuto
                      00187         ;il pulsante che vogliamo utilizzare è RB0
                      00188         setRegK TRISB, 0xFF
0043   30FF               M                 movlw 0xFF
MPASM 5.86                          MAIN.ASM   7-11-2022  17:10:48         PAGE  6


LOC  OBJECT CODE     LINE SOURCE TEXT
  VALUE

0044   1683 1303          M                 banksel TRISB
Message[302]: Register in operand not in bank 0.  Ensure that bank bits are correct.
0046   0086               M                 movwf TRISB
                      00189         setRegK WPUB, B'00001111'
0047   300F               M                 movlw B'00001111'
0048   1683 1303          M                 banksel WPUB
Message[302]: Register in operand not in bank 0.  Ensure that bank bits are correct.
004A   0095               M                 movwf WPUB
                      00190         ;setto come input anche PORTA e PORTE
004B   30FF           00191         movlw   0xFF
Message[302]: Register in operand not in bank 0.  Ensure that bank bits are correct.
004C   0085           00192         movwf   TRISA
Message[302]: Register in operand not in bank 0.  Ensure that bank bits are correct.
004D   0089           00193         movwf   TRISE
                      00194         
                      00195         
                      00196         setReg0 PORTC
004E   1283 1303          M                     banksel PORTC
0050   0187               M                     clrf PORTC
                      00197         setRegK TRISC, B'10111111'
0051   30BF               M                 movlw B'10111111'
0052   1683 1303          M                 banksel TRISC
Message[302]: Register in operand not in bank 0.  Ensure that bank bits are correct.
0054   0087               M                 movwf TRISC
                      00198         
                      00199         ;disattivo input analogico su tutti i pin di PORTB
                      00200         setReg0 ANSELH
0055   1683 1703          M                     banksel ANSELH
Message[302]: Register in operand not in bank 0.  Ensure that bank bits are correct.
0057   0189               M                     clrf ANSELH
                      00201         
                      00202         ;abilito l'interrupt on change sul pulsante RB0 di PORTB
                      00203         setRegK IOCB, 0x01
0058   3001               M                 movlw 0x01
0059   1683 1303          M                 banksel IOCB
Message[302]: Register in operand not in bank 0.  Ensure that bank bits are correct.
005B   0096               M                 movwf IOCB
                      00204         
                      00205 ;Inizializzazione LED
                      00206         
                      00207         ;setto i pin da 3 a 0 di PORTD come output
                      00208         setRegK TRISD, 0xF0
005C   30F0               M                 movlw 0xF0
005D   1683 1303          M                 banksel TRISD
Message[302]: Register in operand not in bank 0.  Ensure that bank bits are correct.
005F   0088               M                 movwf TRISD
                      00209         
                      00210 ;Inizializzazione timer0
                      00211          
                      00212         ;#RBPU = 0 -> pull up di portb attivi
                      00213         ;INTEDG = 0 -> interrupt sul falling edge
                      00214         ;T0CS = 0 -> sorgente di clock interna Fosc/4
                      00215         ;T0SE = 0 -> incremento sul fronte di salita(irrilevante, siccome utilizzo sorgente interna)
MPASM 5.86                          MAIN.ASM   7-11-2022  17:10:48         PAGE  7


LOC  OBJECT CODE     LINE SOURCE TEXT
  VALUE

                      00216         ;PSA = 0 -> prescaler assegnato al timer0
                      00217         ;PS<2:0> = 111 -> prescaler a 256
                      00218         setRegK OPTION_REG, B'01000111'
0060   3047               M                 movlw B'01000111'
0061   1683 1303          M                 banksel OPTION_REG
Message[302]: Register in operand not in bank 0.  Ensure that bank bits are correct.
0063   0081               M                 movwf OPTION_REG
                      00219         
                      00220 ;Inizializzazione timer1
                      00221         
                      00222         ;T1GINV = 0 -> non rilevante, siccome il gate è disabilitato
                      00223         ;TMR1GE = 0 -> gate disabilitato
                      00224         ;T1CKPS<1:0> = 00 -> prescaler a 1:1
                      00225         ;T1OSCEN = 1 -> oscillatore LP abilitato
                      00226         ;#T1SYNC = 1 -> sincronizzazione disabilitata(il timer deve lavorare anche in sleep)
                      00227         ;TMR1CS = 1 -> seleziono sorgente esterna, oscillatore LP, dato che quando il micro è in sleep i
                            l timer deve continuare a contare
                      00228         ;TMR1ON = 0 -> timer è disattivato, verrà attivato al momento opportuno
                      00229         setRegK T1CON, B'00001110'
0064   300E               M                 movlw B'00001110'
0065   1283 1303          M                 banksel T1CON
0067   0090               M                 movwf T1CON
                      00230         
                      00231         
                      00232 ;Configuro modulo EUSART
                      00233         
                      00234         ;CSRC = 0 -> don't care in Async mode
                      00235         ;TX9 = 0 -> trasmissione nono bit disabilitato
                      00236         ;TXEN = 1 -> trasmissione abilitata
                      00237         ;SYNC = 0 -> Asynchrnous mode
                      00238         ;SENDB = 0 -> Sync Break transmission completed
                      00239         ;BRGH = 1 -> abilito modalità High speed per la generazione del bode rate
                      00240         ;TMRT read only
                      00241         ;TX9D = 0 -> nono bit a zero
                      00242         setRegK TXSTA, B'00100100'
0068   3024               M                 movlw B'00100100'
0069   1683 1303          M                 banksel TXSTA
Message[302]: Register in operand not in bank 0.  Ensure that bank bits are correct.
006B   0098               M                 movwf TXSTA
                      00243         
                      00244         ;SPEN = 1 -> porta seriale abilitata
                      00245         ;RX9 = 0 -> ricezione nono bit disabilitato
                      00246         ;SREN = 0 -> ricezione continua(non utilizzata)
                      00247         ;CREN = 0 -> disabilita ricezione(non utilizzata)
                      00248         ;ADDEN = 0 -> don't care
                      00249         ;FERR read only
                      00250         ;OERR read only
                      00251         ;RX9D = 0 -> nono bit a zero
                      00252         setRegK RCSTA, B'10000000'
006C   3080               M                 movlw B'10000000'
006D   1283 1303          M                 banksel RCSTA
006F   0098               M                 movwf RCSTA
                      00253         
MPASM 5.86                          MAIN.ASM   7-11-2022  17:10:48         PAGE  8


LOC  OBJECT CODE     LINE SOURCE TEXT
  VALUE

                      00254         ;BRG16 = 0 -> Baud Rate generator ad 8 bit
                      00255         setReg0 BAUDCTL
0070   1683 1703          M                     banksel BAUDCTL
Message[302]: Register in operand not in bank 0.  Ensure that bank bits are correct.
0072   0187               M                     clrf BAUDCTL
                      00256         
                      00257         ;imposto il bode rate.
                      00258         ;bode_rate = 19.2kHz
                      00259         ;SYNC = 0
                      00260         ;BRGH = 1
                      00261         ;BRG16 = 0
                      00262         setRegK SPBRG, .25
0073   3019               M                 movlw .25
0074   1683 1303          M                 banksel SPBRG
Message[302]: Register in operand not in bank 0.  Ensure that bank bits are correct.
0076   0099               M                 movwf SPBRG
                      00263         
0077   0008           00264         return
                      00265         
2CF4 3EFF             00266     end
MPASM 5.86                          MAIN.ASM   7-11-2022  17:10:48         PAGE  9


SYMBOL TABLE
  LABEL                             VALUE 

ABDEN                             00000000
ABDOVF                            00000007
ACKDT                             00000005
ACKEN                             00000004
ACKSTAT                           00000006
ADCON0                            0000001F
ADCON1                            0000009F
ADCS0                             00000006
ADCS1                             00000007
ADDEN                             00000003
ADFM                              00000007
ADIE                              00000006
ADIF                              00000006
ADON                              00000000
ADRESH                            0000001E
ADRESL                            0000009E
ANS0                              00000000
ANS1                              00000001
ANS10                             00000002
ANS11                             00000003
ANS12                             00000004
ANS13                             00000005
ANS2                              00000002
ANS3                              00000003
ANS4                              00000004
ANS5                              00000005
ANS6                              00000006
ANS7                              00000007
ANS8                              00000000
ANS9                              00000001
ANSEL                             00000188
ANSELH                            00000189
BAUDCTL                           00000187
BCLIE                             00000003
BCLIF                             00000003
BF                                00000000
BRG0                              00000000
BRG1                              00000001
BRG10                             00000002
BRG11                             00000003
BRG12                             00000004
BRG13                             00000005
BRG14                             00000006
BRG15                             00000007
BRG16                             00000003
BRG2                              00000002
BRG3                              00000003
BRG4                              00000004
BRG5                              00000005
BRG6                              00000006
BRG7                              00000007
BRG8                              00000000
BRG9                              00000001
MPASM 5.86                          MAIN.ASM   7-11-2022  17:10:48         PAGE 10


SYMBOL TABLE
  LABEL                             VALUE 

BRGH                              00000002
C                                 00000000
C1CH0                             00000000
C1CH1                             00000001
C1IE                              00000005
C1IF                              00000005
C1OE                              00000005
C1ON                              00000007
C1OUT                             00000006
C1POL                             00000004
C1R                               00000002
C1RSEL                            00000005
C1SEN                             00000005
C2CH0                             00000000
C2CH1                             00000001
C2IE                              00000006
C2IF                              00000006
C2OE                              00000005
C2ON                              00000007
C2OUT                             00000006
C2POL                             00000004
C2R                               00000002
C2REN                             00000004
C2RSEL                            00000004
C2SYNC                            00000000
CAN_SLEEP                         00000000
CCP1CON                           00000017
CCP1IE                            00000002
CCP1IF                            00000002
CCP1M0                            00000000
CCP1M1                            00000001
CCP1M2                            00000002
CCP1M3                            00000003
CCP1X                             00000005
CCP1Y                             00000004
CCP2CON                           0000001D
CCP2IE                            00000000
CCP2IF                            00000000
CCP2M0                            00000000
CCP2M1                            00000001
CCP2M2                            00000002
CCP2M3                            00000003
CCP2X                             00000005
CCP2Y                             00000004
CCPR1                             00000015
CCPR1H                            00000016
CCPR1L                            00000015
CCPR2                             0000001B
CCPR2H                            0000001C
CCPR2L                            0000001B
CHS0                              00000002
CHS1                              00000003
CHS2                              00000004
MPASM 5.86                          MAIN.ASM   7-11-2022  17:10:48         PAGE 11


SYMBOL TABLE
  LABEL                             VALUE 

CHS3                              00000005
CKE                               00000006
CKP                               00000004
CM1CON0                           00000107
CM2CON0                           00000108
CM2CON1                           00000109
CREN                              00000004
CSRC                              00000007
D                                 00000005
DATA_ADDRESS                      00000005
DC                                00000001
DC1B0                             00000004
DC1B1                             00000005
DC2B0                             00000004
DC2B1                             00000005
D_A                               00000005
D_NOT_A                           00000005
ECCPAS                            0000009C
ECCPAS0                           00000004
ECCPAS1                           00000005
ECCPAS2                           00000006
ECCPASE                           00000007
EEADR                             0000010D
EEADRH                            0000010F
EECON1                            0000018C
EECON2                            0000018D
EEDAT                             0000010C
EEDATA                            0000010C
EEDATH                            0000010E
EEIE                              00000004
EEIF                              00000004
EEPGD                             00000007
F                                 00000001
FERR                              00000002
FSR                               00000004
FVREN                             00000000
GCEN                              00000007
GIE                               00000007
GO                                00000001
GO_DONE                           00000001
GO_NOT_DONE                       00000001
HTS                               00000002
I2C_DATA                          00000005
I2C_READ                          00000002
I2C_START                         00000003
I2C_STOP                          00000004
INDF                              00000000
INTCON                            0000000B
INTE                              00000004
INTEDG                            00000006
INTF                              00000001
IOCB                              00000096
IOCB0                             00000000
MPASM 5.86                          MAIN.ASM   7-11-2022  17:10:48         PAGE 12


SYMBOL TABLE
  LABEL                             VALUE 

IOCB1                             00000001
IOCB2                             00000002
IOCB3                             00000003
IOCB4                             00000004
IOCB5                             00000005
IOCB6                             00000006
IOCB7                             00000007
IRCF0                             00000004
IRCF1                             00000005
IRCF2                             00000006
IRP                               00000007
LED_D1                            00000000
LED_D2                            00000001
LED_D3                            00000002
LED_D4                            00000003
LTS                               00000001
MC1OUT                            00000007
MC2OUT                            00000006
MSK                               00000093
MSK0                              00000000
MSK1                              00000001
MSK2                              00000002
MSK3                              00000003
MSK4                              00000004
MSK5                              00000005
MSK6                              00000006
MSK7                              00000007
NOT_A                             00000005
NOT_ADDRESS                       00000005
NOT_BO                            00000000
NOT_BOR                           00000000
NOT_DONE                          00000001
NOT_PD                            00000003
NOT_POR                           00000001
NOT_RBPU                          00000007
NOT_RC8                           00000006
NOT_T1SYNC                        00000002
NOT_TO                            00000004
NOT_TX8                           00000006
NOT_W                             00000002
NOT_WRITE                         00000002
OERR                              00000001
OPTION_REG                        00000081
OSCCON                            0000008F
OSCTUNE                           00000090
OSFIE                             00000007
OSFIF                             00000007
OSTS                              00000003
P                                 00000004
P1M0                              00000006
P1M1                              00000007
PCL                               00000002
PCLATH                            0000000A
MPASM 5.86                          MAIN.ASM   7-11-2022  17:10:48         PAGE 13


SYMBOL TABLE
  LABEL                             VALUE 

PCON                              0000008E
PDC0                              00000000
PDC1                              00000001
PDC2                              00000002
PDC3                              00000003
PDC4                              00000004
PDC5                              00000005
PDC6                              00000006
PEIE                              00000006
PEN                               00000002
PIE1                              0000008C
PIE2                              0000008D
PIR1                              0000000C
PIR2                              0000000D
PORTA                             00000005
PORTB                             00000006
PORTC                             00000007
PORTD                             00000008
PORTE                             00000009
PR2                               00000092
PRSEN                             00000007
PS0                               00000000
PS1                               00000001
PS2                               00000002
PSA                               00000003
PSSAC0                            00000002
PSSAC1                            00000003
PSSBD0                            00000000
PSSBD1                            00000001
PSTRCON                           0000009D
PULSR                             00000002
PULSS                             00000003
PWM1CON                           0000009B
R                                 00000002
RA0                               00000000
RA1                               00000001
RA2                               00000002
RA3                               00000003
RA4                               00000004
RA5                               00000005
RA6                               00000006
RA7                               00000007
RB0                               00000000
RB1                               00000001
RB2                               00000002
RB3                               00000003
RB4                               00000004
RB5                               00000005
RB6                               00000006
RB7                               00000007
RBIE                              00000003
RBIF                              00000000
RC0                               00000000
MPASM 5.86                          MAIN.ASM   7-11-2022  17:10:48         PAGE 14


SYMBOL TABLE
  LABEL                             VALUE 

RC1                               00000001
RC2                               00000002
RC3                               00000003
RC4                               00000004
RC5                               00000005
RC6                               00000006
RC7                               00000007
RC8_9                             00000006
RC9                               00000006
RCD8                              00000000
RCEN                              00000003
RCIDL                             00000006
RCIE                              00000005
RCIF                              00000005
RCREG                             0000001A
RCSTA                             00000018
RD                                00000000
RD0                               00000000
RD1                               00000001
RD2                               00000002
RD3                               00000003
RD4                               00000004
RD5                               00000005
RD6                               00000006
RD7                               00000007
RE0                               00000000
RE1                               00000001
RE2                               00000002
RE3                               00000003
READ_WRITE                        00000002
RP0                               00000005
RP1                               00000006
RSEN                              00000001
RX9                               00000006
RX9D                              00000000
R_NOT_W                           00000002
R_W                               00000002
S                                 00000003
SBOREN                            00000004
SCKP                              00000004
SCS                               00000000
SEN                               00000000
SENDB                             00000003
SMP                               00000007
SPBRG                             00000099
SPBRGH                            0000009A
SPEN                              00000007
SR0                               00000006
SR1                               00000007
SRCON                             00000185
SREN                              00000005
SSPADD                            00000093
SSPBUF                            00000013
MPASM 5.86                          MAIN.ASM   7-11-2022  17:10:48         PAGE 15


SYMBOL TABLE
  LABEL                             VALUE 

SSPCON                            00000014
SSPCON2                           00000091
SSPEN                             00000005
SSPIE                             00000003
SSPIF                             00000003
SSPM0                             00000000
SSPM1                             00000001
SSPM2                             00000002
SSPM3                             00000003
SSPMSK                            00000093
SSPOV                             00000006
SSPSTAT                           00000094
STATUS                            00000003
STRA                              00000000
STRB                              00000001
STRC                              00000002
STRD                              00000003
STRSYNC                           00000004
SWDTEN                            00000000
SYNC                              00000004
T0CS                              00000005
T0IE                              00000005
T0IF                              00000002
T0SE                              00000004
T1CKPS0                           00000004
T1CKPS1                           00000005
T1CON                             00000010
T1GINV                            00000007
T1GIV                             00000007
T1GSS                             00000001
T1INSYNC                          00000002
T1OSCEN                           00000003
T1SYNC                            00000002
T2CKPS0                           00000000
T2CKPS1                           00000001
T2CON                             00000012
TMR0                              00000001
TMR0IE                            00000005
TMR0IF                            00000002
TMR1                              0000000E
TMR1CS                            00000001
TMR1GE                            00000006
TMR1H                             0000000F
TMR1IE                            00000000
TMR1IF                            00000000
TMR1L                             0000000E
TMR1ON                            00000000
TMR2                              00000011
TMR2IE                            00000001
TMR2IF                            00000001
TMR2ON                            00000002
TOUTPS0                           00000003
TOUTPS1                           00000004
MPASM 5.86                          MAIN.ASM   7-11-2022  17:10:48         PAGE 16


SYMBOL TABLE
  LABEL                             VALUE 

TOUTPS2                           00000005
TOUTPS3                           00000006
TRISA                             00000085
TRISA0                            00000000
TRISA1                            00000001
TRISA2                            00000002
TRISA3                            00000003
TRISA4                            00000004
TRISA5                            00000005
TRISA6                            00000006
TRISA7                            00000007
TRISB                             00000086
TRISB0                            00000000
TRISB1                            00000001
TRISB2                            00000002
TRISB3                            00000003
TRISB4                            00000004
TRISB5                            00000005
TRISB6                            00000006
TRISB7                            00000007
TRISC                             00000087
TRISC0                            00000000
TRISC1                            00000001
TRISC2                            00000002
TRISC3                            00000003
TRISC4                            00000004
TRISC5                            00000005
TRISC6                            00000006
TRISC7                            00000007
TRISD                             00000088
TRISD0                            00000000
TRISD1                            00000001
TRISD2                            00000002
TRISD3                            00000003
TRISD4                            00000004
TRISD5                            00000005
TRISD6                            00000006
TRISD7                            00000007
TRISE                             00000089
TRISE0                            00000000
TRISE1                            00000001
TRISE2                            00000002
TRISE3                            00000003
TRMT                              00000001
TUN0                              00000000
TUN1                              00000001
TUN2                              00000002
TUN3                              00000003
TUN4                              00000004
TX8_9                             00000006
TX9                               00000006
TX9D                              00000000
TXD8                              00000000
MPASM 5.86                          MAIN.ASM   7-11-2022  17:10:48         PAGE 17


SYMBOL TABLE
  LABEL                             VALUE 

TXEN                              00000005
TXIE                              00000004
TXIF                              00000004
TXREG                             00000019
TXSTA                             00000098
TX_ON                             00000001
UA                                00000001
ULPWUE                            00000005
ULPWUIE                           00000002
ULPWUIF                           00000002
VCFG0                             00000004
VCFG1                             00000005
VR0                               00000000
VR1                               00000001
VR2                               00000002
VR3                               00000003
VRCON                             00000097
VREN                              00000007
VROE                              00000006
VRR                               00000005
VRSS                              00000004
W                                 00000000
WCOL                              00000007
WDTCON                            00000105
WDTPS0                            00000001
WDTPS1                            00000002
WDTPS2                            00000003
WDTPS3                            00000004
WPUB                              00000095
WPUB0                             00000000
WPUB1                             00000001
WPUB2                             00000002
WPUB3                             00000003
WPUB4                             00000004
WPUB5                             00000005
WPUB6                             00000006
WPUB7                             00000007
WR                                00000001
WREN                              00000002
WRERR                             00000003
WUE                               00000001
Z                                 00000002
_BOR21V                           00003EFF
_BOR40V                           00003FFF
_BOR4V_BOR21V                     00003EFF
_BOR4V_BOR40V                     00003FFF
_BOREN_NSLEEP                     00003EFF
_BOREN_OFF                        00003CFF
_BOREN_ON                         00003FFF
_BOREN_SBODEN                     00003DFF
_BOR_NSLEEP                       00003EFF
_BOR_OFF                          00003CFF
_BOR_ON                           00003FFF
MPASM 5.86                          MAIN.ASM   7-11-2022  17:10:48         PAGE 18


SYMBOL TABLE
  LABEL                             VALUE 

_BOR_SBODEN                       00003DFF
_CONFIG1                          00002007
_CONFIG2                          00002008
_CPD_OFF                          00003FFF
_CPD_ON                           00003F7F
_CP_OFF                           00003FFF
_CP_ON                            00003FBF
_DEBUG_OFF                        00003FFF
_DEBUG_ON                         00001FFF
_DEVID1                           00002006
_EC_OSC                           00003FFB
_EXTRC                            00003FFF
_EXTRCIO                          00003FFE
_EXTRC_OSC_CLKOUT                 00003FFF
_EXTRC_OSC_NOCLKOUT               00003FFE
_FCMEN_OFF                        000037FF
_FCMEN_ON                         00003FFF
_FOSC_EC                          00003FFB
_FOSC_EXTRC_CLKOUT                00003FFF
_FOSC_EXTRC_NOCLKOUT              00003FFE
_FOSC_HS                          00003FFA
_FOSC_INTRC_CLKOUT                00003FFD
_FOSC_INTRC_NOCLKOUT              00003FFC
_FOSC_LP                          00003FF8
_FOSC_XT                          00003FF9
_HS_OSC                           00003FFA
_IDLOC0                           00002000
_IDLOC1                           00002001
_IDLOC2                           00002002
_IDLOC3                           00002003
_IESO_OFF                         00003BFF
_IESO_ON                          00003FFF
_INTOSC                           00003FFD
_INTOSCIO                         00003FFC
_INTRC_OSC_CLKOUT                 00003FFD
_INTRC_OSC_NOCLKOUT               00003FFC
_LP_OSC                           00003FF8
_LVP_OFF                          00002FFF
_LVP_ON                           00003FFF
_MCLRE_OFF                        00003FDF
_MCLRE_ON                         00003FFF
_PWRTE_OFF                        00003FFF
_PWRTE_ON                         00003FEF
_WDTE_OFF                         00003FF7
_WDTE_ON                          00003FFF
_WDT_OFF                          00003FF7
_WDT_ON                           00003FFF
_WRT_1FOURTH                      00003BFF
_WRT_256                          00003DFF
_WRT_HALF                         000039FF
_WRT_OFF                          00003FFF
_XT_OSC                           00003FF9
__16F887                          00000001
MPASM 5.86                          MAIN.ASM   7-11-2022  17:10:48         PAGE 19


SYMBOL TABLE
  LABEL                             VALUE 

byte_count                        00000006
curr_min                          00000008
curr_sec                          00000007
flags                             00000000
format_data                       00000000
go_sleep                          00000035
increment_chronometer             00000000
initHw                            0000003E
main_loop                         00000028
no_sleep                          00000033
portb_prev                        00000001
prepare_transmission              00000000
printBuff                         00000000
reload_tmr1                       00000000
setReg0                           
setRegK                           
start                             00000000
start_timer                       00000000
test_sr                           0000002F
test_tx                           0000002C
tmr_10ms                          000000B2
tmr_1s                            00008000
toggle_led                        00000000
wait_sleep                        00000028
wake_up                           00000039

Errors   :     0
Warnings :     0 reported,     0 suppressed
Messages :    15 reported,     0 suppressed

